[INFO ] 2020-09-15 21:33:08.360 [main] ProjectBaseClass - --------------------------------------------------------------------------------------------------------/
[INFO ] 2020-09-15 21:33:19.359 [main] ProjectBaseClass - Clicked Successfully on Login/register
[INFO ] 2020-09-15 21:33:19.991 [main] ProjectBaseClass - LickOn Registration Button - Successful
[INFO ] 2020-09-15 21:33:54.359 [main] ProjectBaseClass - Enter Customer details - Successful
[INFO ] 2020-09-15 21:43:19.686 [main] ProjectBaseClass - ---------------------------------------------New test Started-----------------------------------------------------/
[INFO ] 2020-09-15 21:43:19.707 [main] ProjectBaseClass - Browser opened & URL entered is Successful
[INFO ] 2020-09-15 21:43:19.788 [main] ProjectBaseClass - Page TitleCarrefour UAE - Shop Online for Food, Grocery, Mobiles, Electronics & More
[INFO ] 2020-09-15 21:43:25.243 [main] ProjectBaseClass - Clicked Successfully on Login/register
[INFO ] 2020-09-15 21:43:25.612 [main] ProjectBaseClass - cLickOn Registration Button - Successful
[INFO ] 2020-09-15 21:44:14.240 [main] ProjectBaseClass - Enter Customer details - Successful
[INFO ] 2020-09-15 21:52:05.807 [main] ProjectBaseClass - ---------------------------------------------New test Started-----------------------------------------------------/
[INFO ] 2020-09-15 21:52:05.880 [main] ProjectBaseClass - Browser opened & URL entered is Successful
[INFO ] 2020-09-15 21:52:35.917 [main] ProjectBaseClass - Clicked Successfully on Login/register
[INFO ] 2020-09-15 21:52:40.368 [main] ProjectBaseClass - cLickOn Registration Button - Successful
[INFO ] 2020-09-15 21:53:18.282 [main] ProjectBaseClass - Enter Customer details - Successful
[INFO ] 2020-09-15 22:13:36.424 [main] ProjectBaseClass - ---------------------------------------------New test Started-----------------------------------------------------/
[INFO ] 2020-09-15 22:13:36.451 [main] ProjectBaseClass - Browser opened & URL entered is Successful
[INFO ] 2020-09-15 22:13:46.107 [main] ProjectBaseClass - Clicked Successfully on Login/register
[INFO ] 2020-09-15 22:13:50.594 [main] ProjectBaseClass - cLickOn Registration Button - Successful
[INFO ] 2020-09-15 22:20:24.307 [main] ProjectBaseClass - ---------------------------------------------New test Started-----------------------------------------------------/
[INFO ] 2020-09-15 22:20:24.333 [main] ProjectBaseClass - Browser opened & URL entered is Successful
[INFO ] 2020-09-15 22:20:34.297 [main] ProjectBaseClass - Clicked Successfully on Login/register
[INFO ] 2020-09-15 22:20:38.048 [main] ProjectBaseClass - cLickOn Registration Button - Successful
[INFO ] 2020-09-15 22:21:25.306 [main] ProjectBaseClass - Enter Customer details - Successful
[INFO ] 2020-09-15 22:26:42.253 [main] ProjectBaseClass - ---------------------------------------------New test Started-----------------------------------------------------/
[INFO ] 2020-09-15 22:26:42.278 [main] ProjectBaseClass - Browser opened & URL entered is Successful
[INFO ] 2020-09-15 22:32:09.463 [main] ProjectBaseClass - ---------------------------------------------New test Started-----------------------------------------------------/
[INFO ] 2020-09-15 22:32:09.493 [main] ProjectBaseClass - Browser opened & URL entered is Successful
